<?xml version="1.0" encoding="UTF-8"?>
<!-- Generated by org.testng.reporters.JUnitReportReporter -->
<testsuite hostname="CA17-C9JQSY1" name="User_actions.Useractions" tests="1" failures="0" timestamp="18 Dec 2014 19:53:47 GMT" time="141.024" errors="0">
  <testcase name="pauseTest" time="141.024" classname="User_actions.Useractions"/>
</testsuite> <!-- User_actions.Useractions -->
