<?xml version="1.0" encoding="UTF-8"?>
<!-- Generated by org.testng.reporters.JUnitReportReporter -->
<testsuite hostname="CA17-C9JQSY1" name="User_actions.BMT_GAIN_Smoke" tests="12" failures="0" timestamp="6 Jan 2015 00:37:40 GMT" time="653.359" errors="0">
  <testcase name="f_markForReviewScen1" time="113.465" classname="User_actions.BMT_GAIN_Smoke"/>
  <testcase name="f_LoginInValid" time="37.185" classname="User_actions.BMT_GAIN_Smoke"/>
  <testcase name="f_unMarkForReviewScen1" time="167.938" classname="User_actions.BMT_GAIN_Smoke"/>
  <testcase name="f_WelcomeStart" time="32.055" classname="User_actions.BMT_GAIN_Smoke"/>
  <testcase name="f_StopYesIhaveFinished" time="40.744" classname="User_actions.BMT_GAIN_Smoke"/>
  <testcase name="f_StopTest" time="28.745" classname="User_actions.BMT_GAIN_Smoke"/>
  <testcase name="f_PauseInValid" time="51.003" classname="User_actions.BMT_GAIN_Smoke"/>
  <testcase name="f_PauseValid" time="40.276" classname="User_actions.BMT_GAIN_Smoke"/>
  <testcase name="f_LoginTestCompleted" time="46.657" classname="User_actions.BMT_GAIN_Smoke"/>
  <testcase name="f_WelcomeStop" time="26.448" classname="User_actions.BMT_GAIN_Smoke"/>
  <testcase name="f_StopNogoback" time="42.489" classname="User_actions.BMT_GAIN_Smoke"/>
  <testcase name="f_LoginValid" time="26.354" classname="User_actions.BMT_GAIN_Smoke"/>
</testsuite> <!-- User_actions.BMT_GAIN_Smoke -->
