<?xml version="1.0" encoding="UTF-8"?>
<!-- Generated by org.testng.reporters.JUnitReportReporter -->
<testsuite hostname="CA17-C9JQSY1" name="User_actions.TEItems" tests="1" failures="0" timestamp="23 Dec 2014 19:45:30 GMT" time="190.641" errors="0">
  <testcase name="mixeditems" time="190.641" classname="User_actions.TEItems"/>
</testsuite> <!-- User_actions.TEItems -->
