<?xml version="1.0" encoding="UTF-8"?>
<!-- Generated by org.testng.reporters.JUnitReportReporter -->
<testsuite hostname="CA17-C9JQSY1" name="User_actions.TEItems" tests="1" failures="0" timestamp="19 Dec 2014 06:32:48 GMT" time="208.970" errors="0">
  <testcase name="mixeditems" time="208.970" classname="User_actions.TEItems"/>
</testsuite> <!-- User_actions.TEItems -->
