<?xml version="1.0" encoding="UTF-8"?>
<!-- Generated by org.testng.reporters.JUnitReportReporter -->
<testsuite hostname="CA17-C9JQSY1" name="User_actions.Useractions" tests="1" failures="0" timestamp="19 Dec 2014 05:49:20 GMT" time="32.290" errors="0">
  <testcase name="pauseTest" time="32.290" classname="User_actions.Useractions"/>
</testsuite> <!-- User_actions.Useractions -->
